SM874.0	SwitchPoints	Spos	Epos
	1	17075353	21458772
	0	21458772	27192461
SM874.1	SwitchPoints	Spos	Epos
	1	17075353	27192461
SM273.0	SwitchPoints	Spos	Epos
	0	17075353	22599705
	2	22599705	26369358
	0	26369358	27192461
SM273.1	SwitchPoints	Spos	Epos
	0	17075353	19696856
	1	19696856	22394227
	0	22394227	27192461
SM19.0	SwitchPoints	Spos	Epos
	0	17075353	21458772
	2	21458772	24451035
	0	24451035	27192461
SM19.1	SwitchPoints	Spos	Epos
	1	17075353	27192461
SM52.0	SwitchPoints	Spos	Epos
	1	17075353	20249421
	0	20249421	27192461
SM52.1	SwitchPoints	Spos	Epos
	0	17075353	22394227
	1	22394227	27192461
